2024-08-06T00:30:09.673+09:00  INFO 26072 --- [restartedMain] c.e.majorLink.MajorLinkApplication       : Starting MajorLinkApplication using Java 17.0.11 with PID 26072 (D:\umc\majorLink_server\majorLink\build\classes\java\main started by kangc in D:\umc\majorLink_server)
2024-08-06T00:30:09.675+09:00  INFO 26072 --- [restartedMain] c.e.majorLink.MajorLinkApplication       : No active profile set, falling back to 1 default profile: "default"
2024-08-06T00:30:09.721+09:00  INFO 26072 --- [restartedMain] .e.DevToolsPropertyDefaultsPostProcessor : Devtools property defaults active! Set 'spring.devtools.add-properties' to 'false' to disable
2024-08-06T00:30:09.722+09:00  INFO 26072 --- [restartedMain] .e.DevToolsPropertyDefaultsPostProcessor : For additional web related logging consider setting the 'logging.level.web' property to 'DEBUG'
2024-08-06T00:30:10.390+09:00  INFO 26072 --- [restartedMain] .s.d.r.c.RepositoryConfigurationDelegate : Multiple Spring Data modules found, entering strict repository configuration mode
2024-08-06T00:30:10.391+09:00  INFO 26072 --- [restartedMain] .s.d.r.c.RepositoryConfigurationDelegate : Bootstrapping Spring Data JPA repositories in DEFAULT mode.
2024-08-06T00:30:10.523+09:00  INFO 26072 --- [restartedMain] .s.d.r.c.RepositoryConfigurationDelegate : Finished Spring Data repository scanning in 125 ms. Found 2 JPA repository interfaces.
2024-08-06T00:30:10.535+09:00  INFO 26072 --- [restartedMain] .s.d.r.c.RepositoryConfigurationDelegate : Multiple Spring Data modules found, entering strict repository configuration mode
2024-08-06T00:30:10.537+09:00  INFO 26072 --- [restartedMain] .s.d.r.c.RepositoryConfigurationDelegate : Bootstrapping Spring Data Redis repositories in DEFAULT mode.
2024-08-06T00:30:10.548+09:00  INFO 26072 --- [restartedMain] .RepositoryConfigurationExtensionSupport : Spring Data Redis - Could not safely identify store assignment for repository candidate interface com.example.majorLink.repository.SocialRepository; If you want this repository to be a Redis repository, consider annotating your entities with one of these annotations: org.springframework.data.redis.core.RedisHash (preferred), or consider extending one of the following types with your repository: org.springframework.data.keyvalue.repository.KeyValueRepository
2024-08-06T00:30:10.549+09:00  INFO 26072 --- [restartedMain] .RepositoryConfigurationExtensionSupport : Spring Data Redis - Could not safely identify store assignment for repository candidate interface com.example.majorLink.repository.UserRepository; If you want this repository to be a Redis repository, consider annotating your entities with one of these annotations: org.springframework.data.redis.core.RedisHash (preferred), or consider extending one of the following types with your repository: org.springframework.data.keyvalue.repository.KeyValueRepository
2024-08-06T00:30:10.550+09:00  INFO 26072 --- [restartedMain] .s.d.r.c.RepositoryConfigurationDelegate : Finished Spring Data repository scanning in 7 ms. Found 0 Redis repository interfaces.
2024-08-06T00:30:11.103+09:00  INFO 26072 --- [restartedMain] o.s.b.w.embedded.tomcat.TomcatWebServer  : Tomcat initialized with port 9000 (http)
2024-08-06T00:30:11.113+09:00  INFO 26072 --- [restartedMain] o.apache.catalina.core.StandardService   : Starting service [Tomcat]
2024-08-06T00:30:11.113+09:00  INFO 26072 --- [restartedMain] o.apache.catalina.core.StandardEngine    : Starting Servlet engine: [Apache Tomcat/10.1.24]
2024-08-06T00:30:11.157+09:00  INFO 26072 --- [restartedMain] o.a.c.c.C.[Tomcat].[localhost].[/]       : Initializing Spring embedded WebApplicationContext
2024-08-06T00:30:11.158+09:00  INFO 26072 --- [restartedMain] w.s.c.ServletWebServerApplicationContext : Root WebApplicationContext: initialization completed in 1435 ms
2024-08-06T00:30:11.338+09:00  INFO 26072 --- [restartedMain] o.hibernate.jpa.internal.util.LogHelper  : HHH000204: Processing PersistenceUnitInfo [name: default]
2024-08-06T00:30:11.384+09:00  INFO 26072 --- [restartedMain] org.hibernate.Version                    : HHH000412: Hibernate ORM core version 6.5.2.Final
2024-08-06T00:30:11.411+09:00  INFO 26072 --- [restartedMain] o.h.c.internal.RegionFactoryInitiator    : HHH000026: Second-level cache disabled
2024-08-06T00:30:11.655+09:00  INFO 26072 --- [restartedMain] o.s.o.j.p.SpringPersistenceUnitInfo      : No LoadTimeWeaver setup: ignoring JPA class transformer
2024-08-06T00:30:11.676+09:00  INFO 26072 --- [restartedMain] com.zaxxer.hikari.HikariDataSource       : HikariPool-1 - Starting...
2024-08-06T00:30:11.971+09:00  INFO 26072 --- [restartedMain] com.zaxxer.hikari.pool.HikariPool        : HikariPool-1 - Added connection com.mysql.cj.jdbc.ConnectionImpl@3eb768ab
2024-08-06T00:30:11.977+09:00  INFO 26072 --- [restartedMain] com.zaxxer.hikari.HikariDataSource       : HikariPool-1 - Start completed.
2024-08-06T00:30:13.090+09:00  INFO 26072 --- [restartedMain] o.h.e.t.j.p.i.JtaPlatformInitiator       : HHH000489: No JTA platform available (set 'hibernate.transaction.jta.platform' to enable JTA platform integration)
2024-08-06T00:30:13.866+09:00  INFO 26072 --- [restartedMain] j.LocalContainerEntityManagerFactoryBean : Initialized JPA EntityManagerFactory for persistence unit 'default'
2024-08-06T00:30:14.199+09:00  WARN 26072 --- [restartedMain] JpaBaseConfiguration$JpaWebConfiguration : spring.jpa.open-in-view is enabled by default. Therefore, database queries may be performed during view rendering. Explicitly configure spring.jpa.open-in-view to disable this warning
2024-08-06T00:30:14.305+09:00 DEBUG 26072 --- [restartedMain] s.w.s.m.m.a.RequestMappingHandlerMapping : 8 mappings in 'requestMappingHandlerMapping'
2024-08-06T00:30:14.372+09:00 DEBUG 26072 --- [restartedMain] o.s.w.s.handler.SimpleUrlHandlerMapping  : Patterns [/webjars/**, /**] in 'resourceHandlerMapping'
2024-08-06T00:30:14.427+09:00  INFO 26072 --- [restartedMain] o.s.s.web.DefaultSecurityFilterChain     : Will secure any request with [org.springframework.security.web.session.DisableEncodeUrlFilter@18722076, org.springframework.security.web.context.request.async.WebAsyncManagerIntegrationFilter@5b41e748, org.springframework.security.web.context.SecurityContextHolderFilter@4daf012, org.springframework.security.web.header.HeaderWriterFilter@4b9b39a9, org.springframework.web.filter.CorsFilter@7b6761f5, org.springframework.security.web.authentication.logout.LogoutFilter@6ce3c84c, org.springframework.security.oauth2.client.web.OAuth2AuthorizationRequestRedirectFilter@1d97a7ef, org.springframework.security.oauth2.client.web.OAuth2LoginAuthenticationFilter@47d08414, org.springframework.security.web.authentication.ui.DefaultLoginPageGeneratingFilter@7ee8ec0d, org.springframework.security.web.authentication.ui.DefaultLogoutPageGeneratingFilter@4af394d9, org.springframework.security.web.savedrequest.RequestCacheAwareFilter@77173920, org.springframework.security.web.servletapi.SecurityContextHolderAwareRequestFilter@3e0c3ee1, org.springframework.security.web.authentication.AnonymousAuthenticationFilter@438b6c61, org.springframework.security.web.session.SessionManagementFilter@5d20f69f, org.springframework.security.web.access.ExceptionTranslationFilter@59efd1d9, org.springframework.security.web.access.intercept.AuthorizationFilter@493409f7]
2024-08-06T00:30:14.483+09:00 DEBUG 26072 --- [restartedMain] s.w.s.m.m.a.RequestMappingHandlerAdapter : ControllerAdvice beans: 0 @ModelAttribute, 0 @InitBinder, 1 RequestBodyAdvice, 1 ResponseBodyAdvice
2024-08-06T00:30:14.506+09:00 DEBUG 26072 --- [restartedMain] .m.m.a.ExceptionHandlerExceptionResolver : ControllerAdvice beans: 0 @ExceptionHandler, 1 ResponseBodyAdvice
2024-08-06T00:30:14.866+09:00  INFO 26072 --- [restartedMain] o.s.b.d.a.OptionalLiveReloadServer       : LiveReload server is running on port 35729
2024-08-06T00:30:14.899+09:00  INFO 26072 --- [restartedMain] o.s.b.w.embedded.tomcat.TomcatWebServer  : Tomcat started on port 9000 (http) with context path '/'
2024-08-06T00:30:14.906+09:00  INFO 26072 --- [restartedMain] c.e.majorLink.MajorLinkApplication       : Started MajorLinkApplication in 5.587 seconds (process running for 6.212)
2024-08-06T00:30:48.595+09:00  INFO 26072 --- [SpringApplicationShutdownHook] j.LocalContainerEntityManagerFactoryBean : Closing JPA EntityManagerFactory for persistence unit 'default'
2024-08-06T00:30:48.597+09:00  INFO 26072 --- [SpringApplicationShutdownHook] com.zaxxer.hikari.HikariDataSource       : HikariPool-1 - Shutdown initiated...
2024-08-06T00:30:48.603+09:00  INFO 26072 --- [SpringApplicationShutdownHook] com.zaxxer.hikari.HikariDataSource       : HikariPool-1 - Shutdown completed.
2024-08-06T00:30:51.702+09:00  INFO 18072 --- [restartedMain] c.e.majorLink.MajorLinkApplication       : Starting MajorLinkApplication using Java 17.0.11 with PID 18072 (D:\umc\majorLink_server\majorLink\build\classes\java\main started by kangc in D:\umc\majorLink_server)
2024-08-06T00:30:51.704+09:00  INFO 18072 --- [restartedMain] c.e.majorLink.MajorLinkApplication       : No active profile set, falling back to 1 default profile: "default"
2024-08-06T00:30:51.750+09:00  INFO 18072 --- [restartedMain] .e.DevToolsPropertyDefaultsPostProcessor : Devtools property defaults active! Set 'spring.devtools.add-properties' to 'false' to disable
2024-08-06T00:30:51.750+09:00  INFO 18072 --- [restartedMain] .e.DevToolsPropertyDefaultsPostProcessor : For additional web related logging consider setting the 'logging.level.web' property to 'DEBUG'
2024-08-06T00:30:52.442+09:00  INFO 18072 --- [restartedMain] .s.d.r.c.RepositoryConfigurationDelegate : Multiple Spring Data modules found, entering strict repository configuration mode
2024-08-06T00:30:52.443+09:00  INFO 18072 --- [restartedMain] .s.d.r.c.RepositoryConfigurationDelegate : Bootstrapping Spring Data JPA repositories in DEFAULT mode.
2024-08-06T00:30:52.568+09:00  INFO 18072 --- [restartedMain] .s.d.r.c.RepositoryConfigurationDelegate : Finished Spring Data repository scanning in 120 ms. Found 2 JPA repository interfaces.
2024-08-06T00:30:52.582+09:00  INFO 18072 --- [restartedMain] .s.d.r.c.RepositoryConfigurationDelegate : Multiple Spring Data modules found, entering strict repository configuration mode
2024-08-06T00:30:52.583+09:00  INFO 18072 --- [restartedMain] .s.d.r.c.RepositoryConfigurationDelegate : Bootstrapping Spring Data Redis repositories in DEFAULT mode.
2024-08-06T00:30:52.597+09:00  INFO 18072 --- [restartedMain] .RepositoryConfigurationExtensionSupport : Spring Data Redis - Could not safely identify store assignment for repository candidate interface com.example.majorLink.repository.SocialRepository; If you want this repository to be a Redis repository, consider annotating your entities with one of these annotations: org.springframework.data.redis.core.RedisHash (preferred), or consider extending one of the following types with your repository: org.springframework.data.keyvalue.repository.KeyValueRepository
2024-08-06T00:30:52.598+09:00  INFO 18072 --- [restartedMain] .RepositoryConfigurationExtensionSupport : Spring Data Redis - Could not safely identify store assignment for repository candidate interface com.example.majorLink.repository.UserRepository; If you want this repository to be a Redis repository, consider annotating your entities with one of these annotations: org.springframework.data.redis.core.RedisHash (preferred), or consider extending one of the following types with your repository: org.springframework.data.keyvalue.repository.KeyValueRepository
2024-08-06T00:30:52.598+09:00  INFO 18072 --- [restartedMain] .s.d.r.c.RepositoryConfigurationDelegate : Finished Spring Data repository scanning in 8 ms. Found 0 Redis repository interfaces.
2024-08-06T00:30:53.183+09:00  INFO 18072 --- [restartedMain] o.s.b.w.embedded.tomcat.TomcatWebServer  : Tomcat initialized with port 9000 (http)
2024-08-06T00:30:53.191+09:00  INFO 18072 --- [restartedMain] o.apache.catalina.core.StandardService   : Starting service [Tomcat]
2024-08-06T00:30:53.191+09:00  INFO 18072 --- [restartedMain] o.apache.catalina.core.StandardEngine    : Starting Servlet engine: [Apache Tomcat/10.1.24]
2024-08-06T00:30:53.240+09:00  INFO 18072 --- [restartedMain] o.a.c.c.C.[Tomcat].[localhost].[/]       : Initializing Spring embedded WebApplicationContext
2024-08-06T00:30:53.241+09:00  INFO 18072 --- [restartedMain] w.s.c.ServletWebServerApplicationContext : Root WebApplicationContext: initialization completed in 1490 ms
2024-08-06T00:30:53.453+09:00  INFO 18072 --- [restartedMain] o.hibernate.jpa.internal.util.LogHelper  : HHH000204: Processing PersistenceUnitInfo [name: default]
2024-08-06T00:30:53.499+09:00  INFO 18072 --- [restartedMain] org.hibernate.Version                    : HHH000412: Hibernate ORM core version 6.5.2.Final
2024-08-06T00:30:53.526+09:00  INFO 18072 --- [restartedMain] o.h.c.internal.RegionFactoryInitiator    : HHH000026: Second-level cache disabled
2024-08-06T00:30:53.800+09:00  INFO 18072 --- [restartedMain] o.s.o.j.p.SpringPersistenceUnitInfo      : No LoadTimeWeaver setup: ignoring JPA class transformer
2024-08-06T00:30:53.823+09:00  INFO 18072 --- [restartedMain] com.zaxxer.hikari.HikariDataSource       : HikariPool-1 - Starting...
2024-08-06T00:30:54.078+09:00  INFO 18072 --- [restartedMain] com.zaxxer.hikari.pool.HikariPool        : HikariPool-1 - Added connection com.mysql.cj.jdbc.ConnectionImpl@754e9890
2024-08-06T00:30:54.081+09:00  INFO 18072 --- [restartedMain] com.zaxxer.hikari.HikariDataSource       : HikariPool-1 - Start completed.
2024-08-06T00:30:55.240+09:00  INFO 18072 --- [restartedMain] o.h.e.t.j.p.i.JtaPlatformInitiator       : HHH000489: No JTA platform available (set 'hibernate.transaction.jta.platform' to enable JTA platform integration)
2024-08-06T00:30:56.000+09:00  INFO 18072 --- [restartedMain] j.LocalContainerEntityManagerFactoryBean : Initialized JPA EntityManagerFactory for persistence unit 'default'
2024-08-06T00:30:56.349+09:00  WARN 18072 --- [restartedMain] JpaBaseConfiguration$JpaWebConfiguration : spring.jpa.open-in-view is enabled by default. Therefore, database queries may be performed during view rendering. Explicitly configure spring.jpa.open-in-view to disable this warning
2024-08-06T00:30:56.450+09:00 DEBUG 18072 --- [restartedMain] s.w.s.m.m.a.RequestMappingHandlerMapping : 8 mappings in 'requestMappingHandlerMapping'
2024-08-06T00:30:56.512+09:00 DEBUG 18072 --- [restartedMain] o.s.w.s.handler.SimpleUrlHandlerMapping  : Patterns [/webjars/**, /**] in 'resourceHandlerMapping'
2024-08-06T00:30:56.569+09:00  INFO 18072 --- [restartedMain] o.s.s.web.DefaultSecurityFilterChain     : Will secure any request with [org.springframework.security.web.session.DisableEncodeUrlFilter@6578094c, org.springframework.security.web.context.request.async.WebAsyncManagerIntegrationFilter@c1f5b8, org.springframework.security.web.context.SecurityContextHolderFilter@758e696f, org.springframework.security.web.header.HeaderWriterFilter@da5b8fd, org.springframework.web.filter.CorsFilter@5a12f0db, org.springframework.security.web.authentication.logout.LogoutFilter@1b88cd68, org.springframework.security.oauth2.client.web.OAuth2AuthorizationRequestRedirectFilter@17a4a8ff, org.springframework.security.oauth2.client.web.OAuth2LoginAuthenticationFilter@197f9477, org.springframework.security.web.authentication.ui.DefaultLoginPageGeneratingFilter@210a5386, org.springframework.security.web.authentication.ui.DefaultLogoutPageGeneratingFilter@249878e8, org.springframework.security.web.savedrequest.RequestCacheAwareFilter@1e609afc, org.springframework.security.web.servletapi.SecurityContextHolderAwareRequestFilter@100ad7d3, org.springframework.security.web.authentication.AnonymousAuthenticationFilter@10f275e, org.springframework.security.web.session.SessionManagementFilter@1708a0a9, org.springframework.security.web.access.ExceptionTranslationFilter@3e0c3ee1, org.springframework.security.web.access.intercept.AuthorizationFilter@32f1715c]
2024-08-06T00:30:56.638+09:00 DEBUG 18072 --- [restartedMain] s.w.s.m.m.a.RequestMappingHandlerAdapter : ControllerAdvice beans: 0 @ModelAttribute, 0 @InitBinder, 1 RequestBodyAdvice, 1 ResponseBodyAdvice
2024-08-06T00:30:56.662+09:00 DEBUG 18072 --- [restartedMain] .m.m.a.ExceptionHandlerExceptionResolver : ControllerAdvice beans: 0 @ExceptionHandler, 1 ResponseBodyAdvice
2024-08-06T00:30:57.024+09:00  INFO 18072 --- [restartedMain] o.s.b.d.a.OptionalLiveReloadServer       : LiveReload server is running on port 35729
2024-08-06T00:30:57.055+09:00  INFO 18072 --- [restartedMain] o.s.b.w.embedded.tomcat.TomcatWebServer  : Tomcat started on port 9000 (http) with context path '/'
2024-08-06T00:30:57.063+09:00  INFO 18072 --- [restartedMain] c.e.majorLink.MajorLinkApplication       : Started MajorLinkApplication in 5.721 seconds (process running for 6.827)
2024-08-06T00:31:19.950+09:00  INFO 18072 --- [SpringApplicationShutdownHook] j.LocalContainerEntityManagerFactoryBean : Closing JPA EntityManagerFactory for persistence unit 'default'
2024-08-06T00:31:19.954+09:00  INFO 18072 --- [SpringApplicationShutdownHook] com.zaxxer.hikari.HikariDataSource       : HikariPool-1 - Shutdown initiated...
2024-08-06T00:31:19.964+09:00  INFO 18072 --- [SpringApplicationShutdownHook] com.zaxxer.hikari.HikariDataSource       : HikariPool-1 - Shutdown completed.
2024-08-06T00:31:43.151+09:00  INFO 16224 --- [restartedMain] c.e.majorLink.MajorLinkApplication       : Starting MajorLinkApplication using Java 17.0.11 with PID 16224 (D:\umc\majorLink_server\majorLink\build\classes\java\main started by kangc in D:\umc\majorLink_server)
2024-08-06T00:31:43.156+09:00  INFO 16224 --- [restartedMain] c.e.majorLink.MajorLinkApplication       : No active profile set, falling back to 1 default profile: "default"
2024-08-06T00:31:43.325+09:00  INFO 16224 --- [restartedMain] .e.DevToolsPropertyDefaultsPostProcessor : Devtools property defaults active! Set 'spring.devtools.add-properties' to 'false' to disable
2024-08-06T00:31:43.326+09:00  INFO 16224 --- [restartedMain] .e.DevToolsPropertyDefaultsPostProcessor : For additional web related logging consider setting the 'logging.level.web' property to 'DEBUG'
2024-08-06T00:31:46.824+09:00  INFO 16224 --- [restartedMain] .s.d.r.c.RepositoryConfigurationDelegate : Multiple Spring Data modules found, entering strict repository configuration mode
2024-08-06T00:31:46.829+09:00  INFO 16224 --- [restartedMain] .s.d.r.c.RepositoryConfigurationDelegate : Bootstrapping Spring Data JPA repositories in DEFAULT mode.
2024-08-06T00:31:47.355+09:00  INFO 16224 --- [restartedMain] .s.d.r.c.RepositoryConfigurationDelegate : Finished Spring Data repository scanning in 493 ms. Found 2 JPA repository interfaces.
2024-08-06T00:31:47.420+09:00  INFO 16224 --- [restartedMain] .s.d.r.c.RepositoryConfigurationDelegate : Multiple Spring Data modules found, entering strict repository configuration mode
2024-08-06T00:31:47.423+09:00  INFO 16224 --- [restartedMain] .s.d.r.c.RepositoryConfigurationDelegate : Bootstrapping Spring Data Redis repositories in DEFAULT mode.
2024-08-06T00:31:47.463+09:00  INFO 16224 --- [restartedMain] .RepositoryConfigurationExtensionSupport : Spring Data Redis - Could not safely identify store assignment for repository candidate interface com.example.majorLink.repository.SocialRepository; If you want this repository to be a Redis repository, consider annotating your entities with one of these annotations: org.springframework.data.redis.core.RedisHash (preferred), or consider extending one of the following types with your repository: org.springframework.data.keyvalue.repository.KeyValueRepository
2024-08-06T00:31:47.467+09:00  INFO 16224 --- [restartedMain] .RepositoryConfigurationExtensionSupport : Spring Data Redis - Could not safely identify store assignment for repository candidate interface com.example.majorLink.repository.UserRepository; If you want this repository to be a Redis repository, consider annotating your entities with one of these annotations: org.springframework.data.redis.core.RedisHash (preferred), or consider extending one of the following types with your repository: org.springframework.data.keyvalue.repository.KeyValueRepository
2024-08-06T00:31:47.469+09:00  INFO 16224 --- [restartedMain] .s.d.r.c.RepositoryConfigurationDelegate : Finished Spring Data repository scanning in 24 ms. Found 0 Redis repository interfaces.
2024-08-06T00:31:49.802+09:00  INFO 16224 --- [restartedMain] o.s.b.w.embedded.tomcat.TomcatWebServer  : Tomcat initialized with port 9000 (http)
2024-08-06T00:31:49.838+09:00  INFO 16224 --- [restartedMain] o.apache.catalina.core.StandardService   : Starting service [Tomcat]
2024-08-06T00:31:49.840+09:00  INFO 16224 --- [restartedMain] o.apache.catalina.core.StandardEngine    : Starting Servlet engine: [Apache Tomcat/10.1.24]
2024-08-06T00:31:50.043+09:00  INFO 16224 --- [restartedMain] o.a.c.c.C.[Tomcat].[localhost].[/]       : Initializing Spring embedded WebApplicationContext
2024-08-06T00:31:50.045+09:00  INFO 16224 --- [restartedMain] w.s.c.ServletWebServerApplicationContext : Root WebApplicationContext: initialization completed in 6716 ms
2024-08-06T00:31:50.757+09:00  INFO 16224 --- [restartedMain] o.hibernate.jpa.internal.util.LogHelper  : HHH000204: Processing PersistenceUnitInfo [name: default]
2024-08-06T00:31:50.931+09:00  INFO 16224 --- [restartedMain] org.hibernate.Version                    : HHH000412: Hibernate ORM core version 6.5.2.Final
2024-08-06T00:31:51.038+09:00  INFO 16224 --- [restartedMain] o.h.c.internal.RegionFactoryInitiator    : HHH000026: Second-level cache disabled
2024-08-06T00:31:52.097+09:00  INFO 16224 --- [restartedMain] o.s.o.j.p.SpringPersistenceUnitInfo      : No LoadTimeWeaver setup: ignoring JPA class transformer
2024-08-06T00:31:52.175+09:00  INFO 16224 --- [restartedMain] com.zaxxer.hikari.HikariDataSource       : HikariPool-1 - Starting...
2024-08-06T00:31:54.283+09:00  INFO 16224 --- [restartedMain] com.zaxxer.hikari.pool.HikariPool        : HikariPool-1 - Added connection com.mysql.cj.jdbc.ConnectionImpl@2cfdca04
2024-08-06T00:31:54.288+09:00  INFO 16224 --- [restartedMain] com.zaxxer.hikari.HikariDataSource       : HikariPool-1 - Start completed.
2024-08-06T00:32:01.300+09:00  INFO 16224 --- [restartedMain] o.h.e.t.j.p.i.JtaPlatformInitiator       : HHH000489: No JTA platform available (set 'hibernate.transaction.jta.platform' to enable JTA platform integration)
2024-08-06T00:32:10.178+09:00  INFO 16224 --- [restartedMain] j.LocalContainerEntityManagerFactoryBean : Initialized JPA EntityManagerFactory for persistence unit 'default'
2024-08-06T00:32:11.205+09:00  WARN 16224 --- [restartedMain] JpaBaseConfiguration$JpaWebConfiguration : spring.jpa.open-in-view is enabled by default. Therefore, database queries may be performed during view rendering. Explicitly configure spring.jpa.open-in-view to disable this warning
2024-08-06T00:32:11.569+09:00 DEBUG 16224 --- [restartedMain] s.w.s.m.m.a.RequestMappingHandlerMapping : 8 mappings in 'requestMappingHandlerMapping'
2024-08-06T00:32:11.800+09:00 DEBUG 16224 --- [restartedMain] o.s.w.s.handler.SimpleUrlHandlerMapping  : Patterns [/webjars/**, /**] in 'resourceHandlerMapping'
2024-08-06T00:32:11.964+09:00  INFO 16224 --- [restartedMain] o.s.s.web.DefaultSecurityFilterChain     : Will secure any request with [org.springframework.security.web.session.DisableEncodeUrlFilter@2815a58c, org.springframework.security.web.context.request.async.WebAsyncManagerIntegrationFilter@357ee850, org.springframework.security.web.context.SecurityContextHolderFilter@4b8ce978, org.springframework.security.web.header.HeaderWriterFilter@3c857012, org.springframework.web.filter.CorsFilter@75fc9193, org.springframework.security.web.authentication.logout.LogoutFilter@5443179e, org.springframework.security.oauth2.client.web.OAuth2AuthorizationRequestRedirectFilter@227671c0, org.springframework.security.oauth2.client.web.OAuth2LoginAuthenticationFilter@1001aef0, org.springframework.security.web.authentication.ui.DefaultLoginPageGeneratingFilter@46b66b75, org.springframework.security.web.authentication.ui.DefaultLogoutPageGeneratingFilter@4bab954f, org.springframework.security.web.savedrequest.RequestCacheAwareFilter@12750a6c, org.springframework.security.web.servletapi.SecurityContextHolderAwareRequestFilter@7ec8541c, org.springframework.security.web.authentication.AnonymousAuthenticationFilter@4e977073, org.springframework.security.web.session.SessionManagementFilter@793db6f, org.springframework.security.web.access.ExceptionTranslationFilter@400bbaa2, org.springframework.security.web.access.intercept.AuthorizationFilter@2ea7a010]
2024-08-06T00:32:12.141+09:00 DEBUG 16224 --- [restartedMain] s.w.s.m.m.a.RequestMappingHandlerAdapter : ControllerAdvice beans: 0 @ModelAttribute, 0 @InitBinder, 1 RequestBodyAdvice, 1 ResponseBodyAdvice
2024-08-06T00:32:12.270+09:00 DEBUG 16224 --- [restartedMain] .m.m.a.ExceptionHandlerExceptionResolver : ControllerAdvice beans: 0 @ExceptionHandler, 1 ResponseBodyAdvice
2024-08-06T00:32:13.207+09:00  INFO 16224 --- [restartedMain] o.s.b.d.a.OptionalLiveReloadServer       : LiveReload server is running on port 35729
2024-08-06T00:32:13.279+09:00  INFO 16224 --- [restartedMain] o.s.b.w.embedded.tomcat.TomcatWebServer  : Tomcat started on port 9000 (http) with context path '/'
2024-08-06T00:32:13.311+09:00  INFO 16224 --- [restartedMain] c.e.majorLink.MajorLinkApplication       : Started MajorLinkApplication in 31.07 seconds (process running for 32.699)
2024-08-06T00:32:28.382+09:00  INFO 16224 --- [http-nio-9000-exec-1] o.a.c.c.C.[Tomcat].[localhost].[/]       : Initializing Spring DispatcherServlet 'dispatcherServlet'
2024-08-06T00:32:28.383+09:00  INFO 16224 --- [http-nio-9000-exec-1] o.s.web.servlet.DispatcherServlet        : Initializing Servlet 'dispatcherServlet'
2024-08-06T00:32:28.383+09:00 DEBUG 16224 --- [http-nio-9000-exec-1] o.s.web.servlet.DispatcherServlet        : Detected StandardServletMultipartResolver
2024-08-06T00:32:28.383+09:00 DEBUG 16224 --- [http-nio-9000-exec-1] o.s.web.servlet.DispatcherServlet        : Detected AcceptHeaderLocaleResolver
2024-08-06T00:32:28.383+09:00 DEBUG 16224 --- [http-nio-9000-exec-1] o.s.web.servlet.DispatcherServlet        : Detected FixedThemeResolver
2024-08-06T00:32:28.384+09:00 DEBUG 16224 --- [http-nio-9000-exec-1] o.s.web.servlet.DispatcherServlet        : Detected org.springframework.web.servlet.view.DefaultRequestToViewNameTranslator@2a9716d9
2024-08-06T00:32:28.385+09:00 DEBUG 16224 --- [http-nio-9000-exec-1] o.s.web.servlet.DispatcherServlet        : Detected org.springframework.web.servlet.support.SessionFlashMapManager@10b89e3a
2024-08-06T00:32:28.386+09:00 DEBUG 16224 --- [http-nio-9000-exec-1] o.s.web.servlet.DispatcherServlet        : enableLoggingRequestDetails='false': request parameters and headers will be masked to prevent unsafe logging of potentially sensitive data
2024-08-06T00:32:28.386+09:00  INFO 16224 --- [http-nio-9000-exec-1] o.s.web.servlet.DispatcherServlet        : Completed initialization in 3 ms
2024-08-06T00:32:28.426+09:00 DEBUG 16224 --- [http-nio-9000-exec-1] o.s.web.servlet.DispatcherServlet        : GET "/api/auth/result/member?code=KQbAdqxb4IAAhblQXf&state=STATE_STRING", parameters={masked}
2024-08-06T00:32:28.428+09:00 DEBUG 16224 --- [http-nio-9000-exec-1] s.w.s.m.m.a.RequestMappingHandlerMapping : Mapped to com.example.majorLink.global.auth.AuthController#returnLoginResult(HttpServletResponse, String, String)
2024-08-06T00:32:28.454+09:00 DEBUG 16224 --- [http-nio-9000-exec-1] o.s.web.method.HandlerMethod             : Could not resolve parameter [1] in public void com.example.majorLink.global.auth.AuthController.returnLoginResult(jakarta.servlet.http.HttpServletResponse,java.lang.String,java.lang.String): Required request parameter 'X-Auth-Token' for method parameter type String is not present
2024-08-06T00:32:28.461+09:00  WARN 16224 --- [http-nio-9000-exec-1] .w.s.m.s.DefaultHandlerExceptionResolver : Resolved [org.springframework.web.bind.MissingServletRequestParameterException: Required request parameter 'X-Auth-Token' for method parameter type String is not present]
2024-08-06T00:32:28.462+09:00 DEBUG 16224 --- [http-nio-9000-exec-1] o.s.web.servlet.DispatcherServlet        : Completed 400 BAD_REQUEST
2024-08-06T00:32:28.469+09:00 DEBUG 16224 --- [http-nio-9000-exec-1] o.s.web.servlet.DispatcherServlet        : "ERROR" dispatch for GET "/error?code=KQbAdqxb4IAAhblQXf&state=STATE_STRING", parameters={masked}
2024-08-06T00:32:28.471+09:00 DEBUG 16224 --- [http-nio-9000-exec-1] s.w.s.m.m.a.RequestMappingHandlerMapping : Mapped to org.springframework.boot.autoconfigure.web.servlet.error.BasicErrorController#errorHtml(HttpServletRequest, HttpServletResponse)
2024-08-06T00:32:28.493+09:00 DEBUG 16224 --- [http-nio-9000-exec-1] o.s.w.s.v.ContentNegotiatingViewResolver : Selected 'text/html' given [text/html, text/html;q=0.8]
2024-08-06T00:32:28.501+09:00 DEBUG 16224 --- [http-nio-9000-exec-1] o.s.web.servlet.DispatcherServlet        : Exiting from "ERROR" dispatch, status 400
2024-08-06T00:34:47.650+09:00  INFO 16224 --- [SpringApplicationShutdownHook] j.LocalContainerEntityManagerFactoryBean : Closing JPA EntityManagerFactory for persistence unit 'default'
2024-08-06T00:34:47.653+09:00  INFO 16224 --- [SpringApplicationShutdownHook] com.zaxxer.hikari.HikariDataSource       : HikariPool-1 - Shutdown initiated...
2024-08-06T00:34:47.659+09:00  INFO 16224 --- [SpringApplicationShutdownHook] com.zaxxer.hikari.HikariDataSource       : HikariPool-1 - Shutdown completed.
